<?xml version="1.0" encoding="utf-8"?><testsuites name="pytest tests"><testsuite name="pytest" errors="0" failures="0" skipped="0" tests="29" time="5.003" timestamp="2026-04-17T18:36:17.250431+00:00" hostname="agent-env-4e5d29d3-e57b-4001-bcfd-f2c73d171f3c"><testcase classname="backend.tests.test_express_wizard.TestExpressWizardBasic" name="test_express_wizard_returns_ok_status" time="0.179" /><testcase classname="backend.tests.test_express_wizard.TestExpressWizardBasic" name="test_express_wizard_returns_total_count" time="0.114" /><testcase classname="backend.tests.test_express_wizard.TestExpressWizardBasic" name="test_express_wizard_returns_opportunities_list" time="0.148" /><testcase classname="backend.tests.test_express_wizard.TestExpressWizardBasic" name="test_express_wizard_returns_instructions" time="0.117" /><testcase classname="backend.tests.test_express_wizard.TestExpressWizardOpportunityStructure" name="test_opportunity_has_required_fields" time="0.153" /><testcase classname="backend.tests.test_express_wizard.TestExpressWizardOpportunityStructure" name="test_opportunity_country_code_is_valid" time="0.109" /><testcase classname="backend.tests.test_express_wizard.TestExpressWizardOpportunityStructure" name="test_opportunity_commercial_intent_is_valid" time="0.155" /><testcase classname="backend.tests.test_express_wizard.TestExpressWizardOpportunityStructure" name="test_opportunity_priority_score_is_number" time="0.127" /><testcase classname="backend.tests.test_express_wizard.TestExpressWizardURLFormatting" name="test_brazil_uses_pt_br_locale" time="0.112" /><testcase classname="backend.tests.test_express_wizard.TestExpressWizardURLFormatting" name="test_spanish_countries_use_es_locale" time="0.137" /><testcase classname="backend.tests.test_express_wizard.TestExpressWizardURLFormatting" name="test_urls_contain_keyword_query" time="0.103" /><testcase classname="backend.tests.test_express_wizard.TestExpressWizardURLFormatting" name="test_urls_are_valid_hotmart_marketplace" time="0.123" /><testcase classname="backend.tests.test_express_wizard.TestExpressWizardPagination" name="test_per_country_2_max_total_10" time="0.125" /><testcase classname="backend.tests.test_express_wizard.TestExpressWizardPagination" name="test_per_country_3_max_total_15" time="0.125" /><testcase classname="backend.tests.test_express_wizard.TestExpressWizardPagination" name="test_default_parameters" time="0.136" /><testcase classname="backend.tests.test_express_wizard.TestExpressWizardSorting" name="test_sorted_by_priority_score_descending" time="0.150" /><testcase classname="backend.tests.test_express_wizard.TestExpressWizardSorting" name="test_highest_priority_first" time="0.111" /><testcase classname="backend.tests.test_express_wizard.TestExpressWizardEdgeCases" name="test_handles_empty_trends_gracefully" time="0.100" /><testcase classname="backend.tests.test_express_wizard.TestExpressWizardEdgeCases" name="test_no_mongodb_id_in_response" time="0.122" /><testcase classname="backend.tests.test_express_wizard.TestExistingEndpointsStillWork" name="test_health_endpoint" time="0.120" /><testcase classname="backend.tests.test_express_wizard.TestExistingEndpointsStillWork" name="test_countries_endpoint" time="0.109" /><testcase classname="backend.tests.test_express_wizard.TestExistingEndpointsStillWork" name="test_research_overview_endpoint" time="0.119" /><testcase classname="backend.tests.test_express_wizard.TestExistingEndpointsStillWork" name="test_hotmart_status_endpoint" time="0.107" /><testcase classname="backend.tests.test_express_wizard.TestExistingEndpointsStillWork" name="test_hotmart_test_connection_endpoint" time="0.500" /><testcase classname="backend.tests.test_express_wizard.TestExistingEndpointsStillWork" name="test_hotmart_my_affiliations_endpoint" time="0.454" /><testcase classname="backend.tests.test_express_wizard.TestExistingEndpointsStillWork" name="test_hotmart_sync_affiliations_endpoint" time="0.376" /><testcase classname="backend.tests.test_express_wizard.TestExistingEndpointsStillWork" name="test_hotmart_rematch_all_endpoint" time="0.441" /><testcase classname="backend.tests.test_express_wizard.TestExistingEndpointsStillWork" name="test_products_endpoint" time="0.122" /><testcase classname="backend.tests.test_express_wizard.TestExistingEndpointsStillWork" name="test_research_trends_endpoint" time="0.110" /></testsuite></testsuites>