<?xml version="1.0" encoding="utf-8"?><testsuites name="pytest tests"><testsuite name="pytest" errors="0" failures="0" skipped="0" tests="14" time="4.318" timestamp="2026-04-17T17:24:31.597723+00:00" hostname="agent-env-4e5d29d3-e57b-4001-bcfd-f2c73d171f3c"><testcase classname="backend.tests.test_manual_link.TestManualLinkSave" name="test_save_manual_link_success" time="0.312" /><testcase classname="backend.tests.test_manual_link.TestManualLinkSave" name="test_save_manual_link_updates_product" time="0.439" /><testcase classname="backend.tests.test_manual_link.TestManualLinkSave" name="test_save_manual_link_invalid_link_no_hotmart" time="0.284" /><testcase classname="backend.tests.test_manual_link.TestManualLinkSave" name="test_save_manual_link_empty_link" time="0.271" /><testcase classname="backend.tests.test_manual_link.TestManualLinkSave" name="test_save_manual_link_whitespace_only" time="0.278" /><testcase classname="backend.tests.test_manual_link.TestManualLinkSave" name="test_save_manual_link_product_not_found" time="0.223" /><testcase classname="backend.tests.test_manual_link.TestManualLinkClear" name="test_clear_manual_link_success" time="0.374" /><testcase classname="backend.tests.test_manual_link.TestManualLinkClear" name="test_clear_manual_link_resets_status" time="0.555" /><testcase classname="backend.tests.test_manual_link.TestManualLinkClear" name="test_clear_manual_link_product_not_found" time="0.368" /><testcase classname="backend.tests.test_manual_link.TestHotmartTestConnection" name="test_hotmart_test_connection_responds" time="0.479" /><testcase classname="backend.tests.test_manual_link.TestExistingEndpointsStillWork" name="test_hotmart_status_still_works" time="0.104" /><testcase classname="backend.tests.test_manual_link.TestExistingEndpointsStillWork" name="test_products_match_still_works" time="0.127" /><testcase classname="backend.tests.test_manual_link.TestExistingEndpointsStillWork" name="test_products_executions_still_works" time="0.276" /><testcase classname="backend.tests.test_manual_link.TestExistingEndpointsStillWork" name="test_get_products_still_works" time="0.130" /></testsuite></testsuites>