<?xml version="1.0" encoding="utf-8"?><testsuites name="pytest tests"><testsuite name="pytest" errors="0" failures="0" skipped="0" tests="15" time="102.500" timestamp="2026-04-17T16:48:45.676497+00:00" hostname="agent-env-4e5d29d3-e57b-4001-bcfd-f2c73d171f3c"><testcase classname="backend.tests.test_module2_hotmart.TestHotmartStatus" name="test_hotmart_status_returns_credentials_false" time="0.254" /><testcase classname="backend.tests.test_module2_hotmart.TestProductsMatch" name="test_match_products_starts_execution" time="0.173" /><testcase classname="backend.tests.test_module2_hotmart.TestProductsMatch" name="test_match_products_invalid_country" time="0.139" /><testcase classname="backend.tests.test_module2_hotmart.TestProductsMatch" name="test_match_products_country_without_trends" time="0.244" /><testcase classname="backend.tests.test_module2_hotmart.TestProductExecutions" name="test_get_execution_tracks_status" time="10.478" /><testcase classname="backend.tests.test_module2_hotmart.TestProductExecutions" name="test_get_execution_not_found" time="0.122" /><testcase classname="backend.tests.test_module2_hotmart.TestGetProducts" name="test_get_products_returns_scored_products" time="0.155" /><testcase classname="backend.tests.test_module2_hotmart.TestGetProducts" name="test_get_products_invalid_country" time="0.129" /><testcase classname="backend.tests.test_module2_hotmart.TestAffiliateLink" name="test_affiliate_link_synthetic_product" time="0.299" /><testcase classname="backend.tests.test_module2_hotmart.TestAffiliateLink" name="test_affiliate_link_product_not_found" time="0.162" /><testcase classname="backend.tests.test_module2_hotmart.TestDeleteProducts" name="test_delete_products_returns_count" time="0.120" /><testcase classname="backend.tests.test_module2_hotmart.TestDeleteProducts" name="test_delete_products_invalid_country" time="0.109" /><testcase classname="backend.tests.test_module2_hotmart.TestNoMongoIdInModule2Responses" name="test_products_no_id" time="15.747" /><testcase classname="backend.tests.test_module2_hotmart.TestNoMongoIdInModule2Responses" name="test_product_executions_no_id" time="0.129" /><testcase classname="backend.tests.test_module2_hotmart.TestRestorePECountryTrends" name="test_restore_pe_trends" time="74.148" /></testsuite></testsuites>