<?xml version="1.0" encoding="utf-8"?><testsuites name="pytest tests"><testsuite name="pytest" errors="0" failures="0" skipped="0" tests="19" time="60.851" timestamp="2026-04-17T16:17:45.341856+00:00" hostname="agent-env-4e5d29d3-e57b-4001-bcfd-f2c73d171f3c"><testcase classname="backend.tests.test_hotmart_api.TestHealthEndpoint" name="test_health_returns_status_ok" time="0.170" /><testcase classname="backend.tests.test_hotmart_api.TestCountriesEndpoint" name="test_countries_returns_five_countries" time="0.123" /><testcase classname="backend.tests.test_hotmart_api.TestResearchOverview" name="test_overview_returns_five_country_cards" time="0.119" /><testcase classname="backend.tests.test_hotmart_api.TestResearchExecution" name="test_run_research_starts_execution" time="0.133" /><testcase classname="backend.tests.test_hotmart_api.TestResearchExecution" name="test_get_execution_tracks_progress" time="58.514" /><testcase classname="backend.tests.test_hotmart_api.TestResearchExecution" name="test_run_research_invalid_country" time="0.136" /><testcase classname="backend.tests.test_hotmart_api.TestTrendsEndpoint" name="test_get_trends_for_researched_country" time="0.134" /><testcase classname="backend.tests.test_hotmart_api.TestTrendsEndpoint" name="test_get_trends_invalid_country" time="0.112" /><testcase classname="backend.tests.test_hotmart_api.TestTrendsEndpoint" name="test_trends_sort_by_priority_score" time="0.121" /><testcase classname="backend.tests.test_hotmart_api.TestTrendsEndpoint" name="test_trends_sort_by_interest_score" time="0.131" /><testcase classname="backend.tests.test_hotmart_api.TestTrendsEndpoint" name="test_trends_sort_by_keyword" time="0.125" /><testcase classname="backend.tests.test_hotmart_api.TestSummaryEndpoint" name="test_get_summary_for_researched_country" time="0.115" /><testcase classname="backend.tests.test_hotmart_api.TestSummaryEndpoint" name="test_get_summary_invalid_country" time="0.113" /><testcase classname="backend.tests.test_hotmart_api.TestDeleteTrends" name="test_delete_trends_for_country" time="0.114" /><testcase classname="backend.tests.test_hotmart_api.TestDeleteTrends" name="test_delete_trends_invalid_country" time="0.115" /><testcase classname="backend.tests.test_hotmart_api.TestModule2Placeholder" name="test_products_match_returns_501" time="0.116" /><testcase classname="backend.tests.test_hotmart_api.TestNoMongoIdInResponses" name="test_overview_no_id" time="0.114" /><testcase classname="backend.tests.test_hotmart_api.TestNoMongoIdInResponses" name="test_trends_no_id" time="0.134" /><testcase classname="backend.tests.test_hotmart_api.TestNoMongoIdInResponses" name="test_executions_no_id" time="0.120" /></testsuite></testsuites>